{"/Users/sato-shn/projects/react-todo/src/components/AddTaskForm/AddTaskForm.jsx": {"path":"/Users/sato-shn/projects/react-todo/src/components/AddTaskForm/AddTaskForm.jsx","statementMap":{"0":{"start":{"line":4,"column":16},"end":{"line":37,"column":1}},"1":{"start":{"line":6,"column":19},"end":{"line":6,"column":27}},"2":{"start":{"line":8,"column":14},"end":{"line":13,"column":3}},"3":{"start":{"line":9,"column":4},"end":{"line":9,"column":38}},"4":{"start":{"line":9,"column":32},"end":{"line":9,"column":38}},"5":{"start":{"line":10,"column":4},"end":{"line":10,"column":37}},"6":{"start":{"line":11,"column":4},"end":{"line":11,"column":20}},"7":{"start":{"line":12,"column":4},"end":{"line":12,"column":31}},"8":{"start":{"line":15,"column":18},"end":{"line":18,"column":3}},"9":{"start":{"line":16,"column":4},"end":{"line":16,"column":36}},"10":{"start":{"line":16,"column":30},"end":{"line":16,"column":36}},"11":{"start":{"line":17,"column":4},"end":{"line":17,"column":9}},"12":{"start":{"line":20,"column":2},"end":{"line":36,"column":3}},"13":{"start":{"line":26,"column":26},"end":{"line":26,"column":62}},"14":{"start":{"line":27,"column":28},"end":{"line":27,"column":38}},"15":{"start":{"line":30,"column":25},"end":{"line":30,"column":30}},"16":{"start":{"line":39,"column":15},"end":{"line":78,"column":1}}},"fnMap":{"0":{"name":"(anonymous_0)","decl":{"start":{"line":4,"column":16},"end":{"line":4,"column":17}},"loc":{"start":{"line":4,"column":27},"end":{"line":37,"column":1}},"line":4},"1":{"name":"(anonymous_1)","decl":{"start":{"line":8,"column":14},"end":{"line":8,"column":15}},"loc":{"start":{"line":8,"column":20},"end":{"line":13,"column":3}},"line":8},"2":{"name":"(anonymous_2)","decl":{"start":{"line":15,"column":18},"end":{"line":15,"column":19}},"loc":{"start":{"line":15,"column":29},"end":{"line":18,"column":3}},"line":15},"3":{"name":"(anonymous_3)","decl":{"start":{"line":26,"column":20},"end":{"line":26,"column":21}},"loc":{"start":{"line":26,"column":26},"end":{"line":26,"column":62}},"line":26},"4":{"name":"(anonymous_4)","decl":{"start":{"line":27,"column":21},"end":{"line":27,"column":22}},"loc":{"start":{"line":27,"column":28},"end":{"line":27,"column":38}},"line":27},"5":{"name":"(anonymous_5)","decl":{"start":{"line":30,"column":19},"end":{"line":30,"column":20}},"loc":{"start":{"line":30,"column":25},"end":{"line":30,"column":30}},"line":30}},"branchMap":{"0":{"loc":{"start":{"line":9,"column":4},"end":{"line":9,"column":38}},"type":"if","locations":[{"start":{"line":9,"column":4},"end":{"line":9,"column":38}},{"start":{"line":9,"column":4},"end":{"line":9,"column":38}}],"line":9},"1":{"loc":{"start":{"line":16,"column":4},"end":{"line":16,"column":36}},"type":"if","locations":[{"start":{"line":16,"column":4},"end":{"line":16,"column":36}},{"start":{"line":16,"column":4},"end":{"line":16,"column":36}}],"line":16},"2":{"loc":{"start":{"line":31,"column":21},"end":{"line":31,"column":53}},"type":"cond-expr","locations":[{"start":{"line":31,"column":38},"end":{"line":31,"column":48}},{"start":{"line":31,"column":51},"end":{"line":31,"column":53}}],"line":31}},"s":{"0":2,"1":6,"2":6,"3":3,"4":1,"5":2,"6":2,"7":2,"8":6,"9":2,"10":1,"11":1,"12":6,"13":5,"14":2,"15":2,"16":2},"f":{"0":6,"1":3,"2":2,"3":5,"4":2,"5":2},"b":{"0":[1,2],"1":[1,1],"2":[1,5]},"_coverageSchema":"1a1c01bbd47fc00a2c39e90264f33305004495a9","hash":"59491602b527d89825aaf73c1706bf785451cffc"}
,"/Users/sato-shn/projects/react-todo/src/components/EditForm/EditForm.jsx": {"path":"/Users/sato-shn/projects/react-todo/src/components/EditForm/EditForm.jsx","statementMap":{"0":{"start":{"line":4,"column":17},"end":{"line":35,"column":1}},"1":{"start":{"line":5,"column":19},"end":{"line":5,"column":51}},"2":{"start":{"line":6,"column":19},"end":{"line":6,"column":27}},"3":{"start":{"line":8,"column":2},"end":{"line":34,"column":3}},"4":{"start":{"line":13,"column":12},"end":{"line":15,"column":20}},"5":{"start":{"line":14,"column":119},"end":{"line":14,"column":143}},"6":{"start":{"line":24,"column":26},"end":{"line":24,"column":69}},"7":{"start":{"line":37,"column":15},"end":{"line":114,"column":1}}},"fnMap":{"0":{"name":"(anonymous_0)","decl":{"start":{"line":4,"column":17},"end":{"line":4,"column":18}},"loc":{"start":{"line":4,"column":28},"end":{"line":35,"column":1}},"line":4},"1":{"name":"(anonymous_1)","decl":{"start":{"line":12,"column":32},"end":{"line":12,"column":33}},"loc":{"start":{"line":13,"column":12},"end":{"line":15,"column":20}},"line":13},"2":{"name":"(anonymous_2)","decl":{"start":{"line":14,"column":113},"end":{"line":14,"column":114}},"loc":{"start":{"line":14,"column":119},"end":{"line":14,"column":143}},"line":14},"3":{"name":"(anonymous_3)","decl":{"start":{"line":24,"column":20},"end":{"line":24,"column":21}},"loc":{"start":{"line":24,"column":26},"end":{"line":24,"column":69}},"line":24}},"branchMap":{"0":{"loc":{"start":{"line":5,"column":19},"end":{"line":5,"column":51}},"type":"cond-expr","locations":[{"start":{"line":5,"column":36},"end":{"line":5,"column":46}},{"start":{"line":5,"column":49},"end":{"line":5,"column":51}}],"line":5},"1":{"loc":{"start":{"line":13,"column":67},"end":{"line":13,"column":110}},"type":"cond-expr","locations":[{"start":{"line":13,"column":96},"end":{"line":13,"column":105}},{"start":{"line":13,"column":108},"end":{"line":13,"column":110}}],"line":13}},"s":{"0":2,"1":7,"2":7,"3":7,"4":28,"5":1,"6":1,"7":2},"f":{"0":7,"1":28,"2":1,"3":1},"b":{"0":[1,6],"1":[7,21]},"_coverageSchema":"1a1c01bbd47fc00a2c39e90264f33305004495a9","hash":"c7ea5073e496698ecac251ae29ba078f52e4b8ef"}
,"/Users/sato-shn/projects/react-todo/src/components/StatusRadioButton/StatusRadioButton.jsx": {"path":"/Users/sato-shn/projects/react-todo/src/components/StatusRadioButton/StatusRadioButton.jsx","statementMap":{"0":{"start":{"line":4,"column":26},"end":{"line":31,"column":1}},"1":{"start":{"line":5,"column":2},"end":{"line":30,"column":3}},"2":{"start":{"line":9,"column":14},"end":{"line":20,"column":22}},"3":{"start":{"line":19,"column":34},"end":{"line":19,"column":57}},"4":{"start":{"line":33,"column":15},"end":{"line":70,"column":1}}},"fnMap":{"0":{"name":"(anonymous_0)","decl":{"start":{"line":4,"column":26},"end":{"line":4,"column":27}},"loc":{"start":{"line":4,"column":37},"end":{"line":31,"column":1}},"line":4},"1":{"name":"(anonymous_1)","decl":{"start":{"line":8,"column":26},"end":{"line":8,"column":27}},"loc":{"start":{"line":9,"column":14},"end":{"line":20,"column":22}},"line":9},"2":{"name":"(anonymous_2)","decl":{"start":{"line":19,"column":28},"end":{"line":19,"column":29}},"loc":{"start":{"line":19,"column":34},"end":{"line":19,"column":57}},"line":19}},"branchMap":{"0":{"loc":{"start":{"line":11,"column":27},"end":{"line":11,"column":55}},"type":"cond-expr","locations":[{"start":{"line":11,"column":41},"end":{"line":11,"column":50}},{"start":{"line":11,"column":53},"end":{"line":11,"column":55}}],"line":11}},"s":{"0":2,"1":2,"2":10,"3":1,"4":2},"f":{"0":2,"1":10,"2":1},"b":{"0":[2,8]},"_coverageSchema":"1a1c01bbd47fc00a2c39e90264f33305004495a9","hash":"3be01e8ff9cf779e506a72d06a51437148e02db8"}
,"/Users/sato-shn/projects/react-todo/src/components/TaskList/TaskList.jsx": {"path":"/Users/sato-shn/projects/react-todo/src/components/TaskList/TaskList.jsx","statementMap":{"0":{"start":{"line":5,"column":17},"end":{"line":42,"column":1}},"1":{"start":{"line":6,"column":24},"end":{"line":9,"column":3}},"2":{"start":{"line":7,"column":4},"end":{"line":8,"column":44}},"3":{"start":{"line":7,"column":50},"end":{"line":7,"column":63}},"4":{"start":{"line":8,"column":9},"end":{"line":8,"column":44}},"5":{"start":{"line":8,"column":31},"end":{"line":8,"column":44}},"6":{"start":{"line":11,"column":2},"end":{"line":41,"column":3}},"7":{"start":{"line":20,"column":10},"end":{"line":36,"column":15}},"8":{"start":{"line":32,"column":37},"end":{"line":32,"column":58}},"9":{"start":{"line":44,"column":15},"end":{"line":124,"column":1}}},"fnMap":{"0":{"name":"(anonymous_0)","decl":{"start":{"line":5,"column":17},"end":{"line":5,"column":18}},"loc":{"start":{"line":5,"column":28},"end":{"line":42,"column":1}},"line":5},"1":{"name":"(anonymous_1)","decl":{"start":{"line":6,"column":24},"end":{"line":6,"column":25}},"loc":{"start":{"line":6,"column":36},"end":{"line":9,"column":3}},"line":6},"2":{"name":"(anonymous_2)","decl":{"start":{"line":19,"column":25},"end":{"line":19,"column":26}},"loc":{"start":{"line":20,"column":10},"end":{"line":36,"column":15}},"line":20},"3":{"name":"(anonymous_3)","decl":{"start":{"line":32,"column":31},"end":{"line":32,"column":32}},"loc":{"start":{"line":32,"column":37},"end":{"line":32,"column":58}},"line":32}},"branchMap":{"0":{"loc":{"start":{"line":7,"column":4},"end":{"line":8,"column":44}},"type":"if","locations":[{"start":{"line":7,"column":4},"end":{"line":8,"column":44}},{"start":{"line":7,"column":4},"end":{"line":8,"column":44}}],"line":7},"1":{"loc":{"start":{"line":7,"column":8},"end":{"line":7,"column":48}},"type":"binary-expr","locations":[{"start":{"line":7,"column":8},"end":{"line":7,"column":25}},{"start":{"line":7,"column":28},"end":{"line":7,"column":48}}],"line":7},"2":{"loc":{"start":{"line":8,"column":9},"end":{"line":8,"column":44}},"type":"if","locations":[{"start":{"line":8,"column":9},"end":{"line":8,"column":44}},{"start":{"line":8,"column":9},"end":{"line":8,"column":44}}],"line":8}},"s":{"0":2,"1":2,"2":8,"3":4,"4":4,"5":2,"6":2,"7":8,"8":1,"9":2},"f":{"0":2,"1":8,"2":8,"3":1},"b":{"0":[4,4],"1":[8,6],"2":[2,2]},"_coverageSchema":"1a1c01bbd47fc00a2c39e90264f33305004495a9","hash":"8fdaf06ff1ead126117570c56220e18063c71db2"}
,"/Users/sato-shn/projects/react-todo/src/pages/DashBoard/DashBoard.jsx": {"path":"/Users/sato-shn/projects/react-todo/src/pages/DashBoard/DashBoard.jsx","statementMap":{"0":{"start":{"line":11,"column":4},"end":{"line":11,"column":16}},"1":{"start":{"line":12,"column":4},"end":{"line":12,"column":52}},"2":{"start":{"line":13,"column":4},"end":{"line":13,"column":42}},"3":{"start":{"line":14,"column":4},"end":{"line":14,"column":48}},"4":{"start":{"line":15,"column":4},"end":{"line":15,"column":42}},"5":{"start":{"line":16,"column":4},"end":{"line":16,"column":48}},"6":{"start":{"line":17,"column":4},"end":{"line":17,"column":62}},"7":{"start":{"line":19,"column":4},"end":{"line":31,"column":5}},"8":{"start":{"line":36,"column":4},"end":{"line":36,"column":24}},"9":{"start":{"line":40,"column":18},"end":{"line":40,"column":37}},"10":{"start":{"line":41,"column":4},"end":{"line":44,"column":6}},"11":{"start":{"line":48,"column":4},"end":{"line":59,"column":8}},"12":{"start":{"line":51,"column":22},"end":{"line":51,"column":71}},"13":{"start":{"line":51,"column":59},"end":{"line":51,"column":70}},"14":{"start":{"line":52,"column":30},"end":{"line":52,"column":49}},"15":{"start":{"line":54,"column":8},"end":{"line":54,"column":38}},"16":{"start":{"line":56,"column":8},"end":{"line":58,"column":10}},"17":{"start":{"line":63,"column":4},"end":{"line":63,"column":23}},"18":{"start":{"line":63,"column":17},"end":{"line":63,"column":23}},"19":{"start":{"line":65,"column":4},"end":{"line":84,"column":6}},"20":{"start":{"line":71,"column":30},"end":{"line":71,"column":49}},"21":{"start":{"line":73,"column":8},"end":{"line":77,"column":10}},"22":{"start":{"line":79,"column":6},"end":{"line":81,"column":8}},"23":{"start":{"line":83,"column":6},"end":{"line":83,"column":30}},"24":{"start":{"line":88,"column":30},"end":{"line":88,"column":115}},"25":{"start":{"line":88,"column":71},"end":{"line":88,"column":113}},"26":{"start":{"line":89,"column":28},"end":{"line":89,"column":97}},"27":{"start":{"line":89,"column":69},"end":{"line":89,"column":94}},"28":{"start":{"line":91,"column":28},"end":{"line":91,"column":57}},"29":{"start":{"line":92,"column":4},"end":{"line":92,"column":53}},"30":{"start":{"line":93,"column":4},"end":{"line":93,"column":50}},"31":{"start":{"line":95,"column":4},"end":{"line":99,"column":6}},"32":{"start":{"line":103,"column":4},"end":{"line":107,"column":5}},"33":{"start":{"line":104,"column":6},"end":{"line":104,"column":32}},"34":{"start":{"line":106,"column":6},"end":{"line":106,"column":82}},"35":{"start":{"line":106,"column":50},"end":{"line":106,"column":79}},"36":{"start":{"line":111,"column":4},"end":{"line":111,"column":27}},"37":{"start":{"line":112,"column":4},"end":{"line":112,"column":24}},"38":{"start":{"line":113,"column":4},"end":{"line":113,"column":24}},"39":{"start":{"line":117,"column":4},"end":{"line":125,"column":5}},"40":{"start":{"line":118,"column":6},"end":{"line":120,"column":8}},"41":{"start":{"line":122,"column":6},"end":{"line":124,"column":8}},"42":{"start":{"line":129,"column":31},"end":{"line":129,"column":79}},"43":{"start":{"line":130,"column":4},"end":{"line":157,"column":5}},"44":{"start":{"line":161,"column":15},"end":{"line":177,"column":1}}},"fnMap":{"0":{"name":"(anonymous_0)","decl":{"start":{"line":10,"column":2},"end":{"line":10,"column":3}},"loc":{"start":{"line":10,"column":21},"end":{"line":32,"column":3}},"line":10},"1":{"name":"(anonymous_1)","decl":{"start":{"line":35,"column":2},"end":{"line":35,"column":3}},"loc":{"start":{"line":35,"column":28},"end":{"line":37,"column":3}},"line":35},"2":{"name":"(anonymous_2)","decl":{"start":{"line":39,"column":2},"end":{"line":39,"column":3}},"loc":{"start":{"line":39,"column":18},"end":{"line":45,"column":3}},"line":39},"3":{"name":"(anonymous_3)","decl":{"start":{"line":47,"column":2},"end":{"line":47,"column":3}},"loc":{"start":{"line":47,"column":18},"end":{"line":60,"column":3}},"line":47},"4":{"name":"(anonymous_4)","decl":{"start":{"line":50,"column":12},"end":{"line":50,"column":13}},"loc":{"start":{"line":50,"column":18},"end":{"line":59,"column":7}},"line":50},"5":{"name":"(anonymous_5)","decl":{"start":{"line":51,"column":52},"end":{"line":51,"column":53}},"loc":{"start":{"line":51,"column":59},"end":{"line":51,"column":70}},"line":51},"6":{"name":"(anonymous_6)","decl":{"start":{"line":62,"column":2},"end":{"line":62,"column":3}},"loc":{"start":{"line":62,"column":19},"end":{"line":85,"column":3}},"line":62},"7":{"name":"(anonymous_7)","decl":{"start":{"line":70,"column":12},"end":{"line":70,"column":13}},"loc":{"start":{"line":70,"column":18},"end":{"line":84,"column":5}},"line":70},"8":{"name":"(anonymous_8)","decl":{"start":{"line":87,"column":2},"end":{"line":87,"column":3}},"loc":{"start":{"line":87,"column":21},"end":{"line":100,"column":3}},"line":87},"9":{"name":"(anonymous_9)","decl":{"start":{"line":88,"column":62},"end":{"line":88,"column":63}},"loc":{"start":{"line":88,"column":70},"end":{"line":88,"column":114}},"line":88},"10":{"name":"(anonymous_10)","decl":{"start":{"line":89,"column":60},"end":{"line":89,"column":61}},"loc":{"start":{"line":89,"column":68},"end":{"line":89,"column":95}},"line":89},"11":{"name":"(anonymous_11)","decl":{"start":{"line":102,"column":2},"end":{"line":102,"column":3}},"loc":{"start":{"line":102,"column":21},"end":{"line":108,"column":3}},"line":102},"12":{"name":"(anonymous_12)","decl":{"start":{"line":106,"column":40},"end":{"line":106,"column":41}},"loc":{"start":{"line":106,"column":48},"end":{"line":106,"column":81}},"line":106},"13":{"name":"(anonymous_13)","decl":{"start":{"line":110,"column":2},"end":{"line":110,"column":3}},"loc":{"start":{"line":110,"column":21},"end":{"line":114,"column":3}},"line":110},"14":{"name":"(anonymous_14)","decl":{"start":{"line":116,"column":2},"end":{"line":116,"column":3}},"loc":{"start":{"line":116,"column":26},"end":{"line":126,"column":3}},"line":116},"15":{"name":"(anonymous_15)","decl":{"start":{"line":128,"column":2},"end":{"line":128,"column":3}},"loc":{"start":{"line":128,"column":11},"end":{"line":158,"column":3}},"line":128}},"branchMap":{"0":{"loc":{"start":{"line":63,"column":4},"end":{"line":63,"column":23}},"type":"if","locations":[{"start":{"line":63,"column":4},"end":{"line":63,"column":23}},{"start":{"line":63,"column":4},"end":{"line":63,"column":23}}],"line":63},"1":{"loc":{"start":{"line":103,"column":4},"end":{"line":107,"column":5}},"type":"if","locations":[{"start":{"line":103,"column":4},"end":{"line":107,"column":5}},{"start":{"line":103,"column":4},"end":{"line":107,"column":5}}],"line":103},"2":{"loc":{"start":{"line":117,"column":4},"end":{"line":125,"column":5}},"type":"if","locations":[{"start":{"line":117,"column":4},"end":{"line":125,"column":5}},{"start":{"line":117,"column":4},"end":{"line":125,"column":5}}],"line":117},"3":{"loc":{"start":{"line":129,"column":31},"end":{"line":129,"column":79}},"type":"cond-expr","locations":[{"start":{"line":129,"column":66},"end":{"line":129,"column":74}},{"start":{"line":129,"column":77},"end":{"line":129,"column":79}}],"line":129}},"s":{"0":8,"1":8,"2":8,"3":8,"4":8,"5":8,"6":8,"7":8,"8":16,"9":17,"10":17,"11":1,"12":1,"13":6,"14":1,"15":1,"16":1,"17":2,"18":1,"19":1,"20":1,"21":1,"22":1,"23":1,"24":6,"25":12,"26":6,"27":16,"28":6,"29":6,"30":6,"31":6,"32":6,"33":2,"34":4,"35":24,"36":1,"37":1,"38":1,"39":2,"40":1,"41":1,"42":35,"43":35,"44":1},"f":{"0":8,"1":16,"2":17,"3":1,"4":1,"5":6,"6":2,"7":1,"8":6,"9":12,"10":16,"11":6,"12":24,"13":1,"14":2,"15":35},"b":{"0":[1,1],"1":[2,4],"2":[1,1],"3":[9,26]},"_coverageSchema":"1a1c01bbd47fc00a2c39e90264f33305004495a9","hash":"873792110b0a76d21689109aa1a8df1bd3cb9906"}
,"/Users/sato-shn/projects/react-todo/src/pages/TaskDetail/TaskDetail.jsx": {"path":"/Users/sato-shn/projects/react-todo/src/pages/TaskDetail/TaskDetail.jsx","statementMap":{"0":{"start":{"line":9,"column":4},"end":{"line":9,"column":16}},"1":{"start":{"line":10,"column":4},"end":{"line":10,"column":52}},"2":{"start":{"line":11,"column":4},"end":{"line":11,"column":54}},"3":{"start":{"line":12,"column":4},"end":{"line":12,"column":48}},"4":{"start":{"line":13,"column":4},"end":{"line":13,"column":48}},"5":{"start":{"line":14,"column":4},"end":{"line":14,"column":44}},"6":{"start":{"line":16,"column":4},"end":{"line":29,"column":5}},"7":{"start":{"line":33,"column":4},"end":{"line":33,"column":24}},"8":{"start":{"line":37,"column":17},"end":{"line":37,"column":62}},"9":{"start":{"line":39,"column":4},"end":{"line":42,"column":6}},"10":{"start":{"line":46,"column":4},"end":{"line":46,"column":19}},"11":{"start":{"line":47,"column":4},"end":{"line":47,"column":34}},"12":{"start":{"line":47,"column":28},"end":{"line":47,"column":34}},"13":{"start":{"line":49,"column":4},"end":{"line":49,"column":38}},"14":{"start":{"line":50,"column":4},"end":{"line":50,"column":32}},"15":{"start":{"line":54,"column":4},"end":{"line":54,"column":52}},"16":{"start":{"line":55,"column":4},"end":{"line":55,"column":32}},"17":{"start":{"line":59,"column":22},"end":{"line":59,"column":37}},"18":{"start":{"line":60,"column":4},"end":{"line":60,"column":29}},"19":{"start":{"line":61,"column":4},"end":{"line":63,"column":6}},"20":{"start":{"line":65,"column":4},"end":{"line":65,"column":19}},"21":{"start":{"line":69,"column":22},"end":{"line":69,"column":37}},"22":{"start":{"line":70,"column":4},"end":{"line":70,"column":31}},"23":{"start":{"line":71,"column":4},"end":{"line":73,"column":6}},"24":{"start":{"line":75,"column":4},"end":{"line":75,"column":19}},"25":{"start":{"line":79,"column":21},"end":{"line":86,"column":5}},"26":{"start":{"line":80,"column":6},"end":{"line":85,"column":25}},"27":{"start":{"line":81,"column":8},"end":{"line":81,"column":19}},"28":{"start":{"line":82,"column":13},"end":{"line":85,"column":25}},"29":{"start":{"line":84,"column":8},"end":{"line":84,"column":19}},"30":{"start":{"line":85,"column":13},"end":{"line":85,"column":25}},"31":{"start":{"line":87,"column":4},"end":{"line":89,"column":6}},"32":{"start":{"line":93,"column":4},"end":{"line":116,"column":5}},"33":{"start":{"line":110,"column":24},"end":{"line":110,"column":52}},"34":{"start":{"line":120,"column":15},"end":{"line":143,"column":1}}},"fnMap":{"0":{"name":"(anonymous_0)","decl":{"start":{"line":8,"column":2},"end":{"line":8,"column":3}},"loc":{"start":{"line":8,"column":21},"end":{"line":30,"column":3}},"line":8},"1":{"name":"(anonymous_1)","decl":{"start":{"line":32,"column":2},"end":{"line":32,"column":3}},"loc":{"start":{"line":32,"column":28},"end":{"line":34,"column":3}},"line":32},"2":{"name":"(anonymous_2)","decl":{"start":{"line":36,"column":2},"end":{"line":36,"column":3}},"loc":{"start":{"line":36,"column":18},"end":{"line":43,"column":3}},"line":36},"3":{"name":"(anonymous_3)","decl":{"start":{"line":45,"column":2},"end":{"line":45,"column":3}},"loc":{"start":{"line":45,"column":21},"end":{"line":51,"column":3}},"line":45},"4":{"name":"(anonymous_4)","decl":{"start":{"line":53,"column":2},"end":{"line":53,"column":3}},"loc":{"start":{"line":53,"column":21},"end":{"line":56,"column":3}},"line":53},"5":{"name":"(anonymous_5)","decl":{"start":{"line":58,"column":2},"end":{"line":58,"column":3}},"loc":{"start":{"line":58,"column":23},"end":{"line":66,"column":3}},"line":58},"6":{"name":"(anonymous_6)","decl":{"start":{"line":68,"column":2},"end":{"line":68,"column":3}},"loc":{"start":{"line":68,"column":25},"end":{"line":76,"column":3}},"line":68},"7":{"name":"(anonymous_7)","decl":{"start":{"line":78,"column":2},"end":{"line":78,"column":3}},"loc":{"start":{"line":78,"column":13},"end":{"line":90,"column":3}},"line":78},"8":{"name":"(anonymous_8)","decl":{"start":{"line":79,"column":21},"end":{"line":79,"column":22}},"loc":{"start":{"line":79,"column":27},"end":{"line":86,"column":5}},"line":79},"9":{"name":"(anonymous_9)","decl":{"start":{"line":92,"column":2},"end":{"line":92,"column":3}},"loc":{"start":{"line":92,"column":11},"end":{"line":117,"column":3}},"line":92},"10":{"name":"(anonymous_10)","decl":{"start":{"line":110,"column":20},"end":{"line":110,"column":21}},"loc":{"start":{"line":110,"column":24},"end":{"line":110,"column":52}},"line":110}},"branchMap":{"0":{"loc":{"start":{"line":47,"column":4},"end":{"line":47,"column":34}},"type":"if","locations":[{"start":{"line":47,"column":4},"end":{"line":47,"column":34}},{"start":{"line":47,"column":4},"end":{"line":47,"column":34}}],"line":47},"1":{"loc":{"start":{"line":80,"column":6},"end":{"line":85,"column":25}},"type":"if","locations":[{"start":{"line":80,"column":6},"end":{"line":85,"column":25}},{"start":{"line":80,"column":6},"end":{"line":85,"column":25}}],"line":80},"2":{"loc":{"start":{"line":82,"column":13},"end":{"line":85,"column":25}},"type":"if","locations":[{"start":{"line":82,"column":13},"end":{"line":85,"column":25}},{"start":{"line":82,"column":13},"end":{"line":85,"column":25}}],"line":82},"3":{"loc":{"start":{"line":82,"column":16},"end":{"line":83,"column":73}},"type":"binary-expr","locations":[{"start":{"line":82,"column":16},"end":{"line":82,"column":77}},{"start":{"line":83,"column":10},"end":{"line":83,"column":73}}],"line":82}},"s":{"0":11,"1":11,"2":11,"3":11,"4":11,"5":11,"6":11,"7":22,"8":22,"9":22,"10":2,"11":2,"12":1,"13":1,"14":1,"15":1,"16":1,"17":2,"18":2,"19":2,"20":2,"21":3,"22":3,"23":3,"24":3,"25":9,"26":9,"27":1,"28":8,"29":3,"30":5,"31":9,"32":48,"33":1,"34":1},"f":{"0":11,"1":22,"2":22,"3":2,"4":1,"5":2,"6":3,"7":9,"8":9,"9":48,"10":1},"b":{"0":[1,1],"1":[1,8],"2":[3,5],"3":[8,4]},"_coverageSchema":"1a1c01bbd47fc00a2c39e90264f33305004495a9","hash":"c2008686aaed088d3b9152b10542c43ecc7b418a"}
}
