TN:
SF:src/components/AddTaskForm/AddTaskForm.jsx
FN:4,(anonymous_0)
FN:8,(anonymous_1)
FN:15,(anonymous_2)
FN:26,(anonymous_3)
FN:27,(anonymous_4)
FN:30,(anonymous_5)
FNF:6
FNH:6
FNDA:6,(anonymous_0)
FNDA:3,(anonymous_1)
FNDA:2,(anonymous_2)
FNDA:5,(anonymous_3)
FNDA:2,(anonymous_4)
FNDA:2,(anonymous_5)
DA:4,2
DA:6,6
DA:8,6
DA:9,3
DA:10,2
DA:11,2
DA:12,2
DA:15,6
DA:16,2
DA:17,1
DA:20,6
DA:26,5
DA:27,2
DA:30,2
DA:39,2
LF:15
LH:15
BRDA:9,0,0,1
BRDA:9,0,1,2
BRDA:16,1,0,1
BRDA:16,1,1,1
BRDA:31,2,0,1
BRDA:31,2,1,5
BRF:6
BRH:6
end_of_record
TN:
SF:src/components/EditForm/EditForm.jsx
FN:4,(anonymous_0)
FN:12,(anonymous_1)
FN:14,(anonymous_2)
FN:24,(anonymous_3)
FNF:4
FNH:4
FNDA:7,(anonymous_0)
FNDA:28,(anonymous_1)
FNDA:1,(anonymous_2)
FNDA:1,(anonymous_3)
DA:4,2
DA:5,7
DA:6,7
DA:8,7
DA:13,28
DA:14,1
DA:24,1
DA:37,2
LF:8
LH:8
BRDA:5,0,0,1
BRDA:5,0,1,6
BRDA:13,1,0,7
BRDA:13,1,1,21
BRF:4
BRH:4
end_of_record
TN:
SF:src/components/StatusRadioButton/StatusRadioButton.jsx
FN:4,(anonymous_0)
FN:8,(anonymous_1)
FN:19,(anonymous_2)
FNF:3
FNH:3
FNDA:2,(anonymous_0)
FNDA:10,(anonymous_1)
FNDA:1,(anonymous_2)
DA:4,2
DA:5,2
DA:9,10
DA:19,1
DA:33,2
LF:5
LH:5
BRDA:11,0,0,2
BRDA:11,0,1,8
BRF:2
BRH:2
end_of_record
TN:
SF:src/components/TaskList/TaskList.jsx
FN:5,(anonymous_0)
FN:6,(anonymous_1)
FN:19,(anonymous_2)
FN:32,(anonymous_3)
FNF:4
FNH:4
FNDA:2,(anonymous_0)
FNDA:8,(anonymous_1)
FNDA:8,(anonymous_2)
FNDA:1,(anonymous_3)
DA:5,2
DA:6,2
DA:7,8
DA:8,4
DA:11,2
DA:20,8
DA:32,1
DA:44,2
LF:8
LH:8
BRDA:7,0,0,4
BRDA:7,0,1,4
BRDA:7,1,0,8
BRDA:7,1,1,6
BRDA:8,2,0,2
BRDA:8,2,1,2
BRF:6
BRH:6
end_of_record
TN:
SF:src/pages/DashBoard/DashBoard.jsx
FN:10,(anonymous_0)
FN:35,(anonymous_1)
FN:39,(anonymous_2)
FN:47,(anonymous_3)
FN:50,(anonymous_4)
FN:51,(anonymous_5)
FN:62,(anonymous_6)
FN:70,(anonymous_7)
FN:87,(anonymous_8)
FN:88,(anonymous_9)
FN:89,(anonymous_10)
FN:102,(anonymous_11)
FN:106,(anonymous_12)
FN:110,(anonymous_13)
FN:116,(anonymous_14)
FN:128,(anonymous_15)
FNF:16
FNH:16
FNDA:8,(anonymous_0)
FNDA:16,(anonymous_1)
FNDA:17,(anonymous_2)
FNDA:1,(anonymous_3)
FNDA:1,(anonymous_4)
FNDA:6,(anonymous_5)
FNDA:2,(anonymous_6)
FNDA:1,(anonymous_7)
FNDA:6,(anonymous_8)
FNDA:12,(anonymous_9)
FNDA:16,(anonymous_10)
FNDA:6,(anonymous_11)
FNDA:24,(anonymous_12)
FNDA:1,(anonymous_13)
FNDA:2,(anonymous_14)
FNDA:35,(anonymous_15)
DA:11,8
DA:12,8
DA:13,8
DA:14,8
DA:15,8
DA:16,8
DA:17,8
DA:19,8
DA:36,16
DA:40,17
DA:41,17
DA:48,1
DA:51,6
DA:52,1
DA:54,1
DA:56,1
DA:63,2
DA:65,1
DA:71,1
DA:73,1
DA:79,1
DA:83,1
DA:88,12
DA:89,16
DA:91,6
DA:92,6
DA:93,6
DA:95,6
DA:103,6
DA:104,2
DA:106,24
DA:111,1
DA:112,1
DA:113,1
DA:117,2
DA:118,1
DA:122,1
DA:129,35
DA:130,35
DA:161,1
LF:40
LH:40
BRDA:63,0,0,1
BRDA:63,0,1,1
BRDA:103,1,0,2
BRDA:103,1,1,4
BRDA:117,2,0,1
BRDA:117,2,1,1
BRDA:129,3,0,9
BRDA:129,3,1,26
BRF:8
BRH:8
end_of_record
TN:
SF:src/pages/TaskDetail/TaskDetail.jsx
FN:8,(anonymous_0)
FN:32,(anonymous_1)
FN:36,(anonymous_2)
FN:45,(anonymous_3)
FN:53,(anonymous_4)
FN:58,(anonymous_5)
FN:68,(anonymous_6)
FN:78,(anonymous_7)
FN:79,(anonymous_8)
FN:92,(anonymous_9)
FN:110,(anonymous_10)
FNF:11
FNH:11
FNDA:11,(anonymous_0)
FNDA:22,(anonymous_1)
FNDA:22,(anonymous_2)
FNDA:2,(anonymous_3)
FNDA:1,(anonymous_4)
FNDA:2,(anonymous_5)
FNDA:3,(anonymous_6)
FNDA:9,(anonymous_7)
FNDA:9,(anonymous_8)
FNDA:48,(anonymous_9)
FNDA:1,(anonymous_10)
DA:9,11
DA:10,11
DA:11,11
DA:12,11
DA:13,11
DA:14,11
DA:16,11
DA:33,22
DA:37,22
DA:39,22
DA:46,2
DA:47,2
DA:49,1
DA:50,1
DA:54,1
DA:55,1
DA:59,2
DA:60,2
DA:61,2
DA:65,2
DA:69,3
DA:70,3
DA:71,3
DA:75,3
DA:79,9
DA:80,9
DA:81,1
DA:82,8
DA:84,3
DA:85,5
DA:87,9
DA:93,48
DA:110,1
DA:120,1
LF:34
LH:34
BRDA:47,0,0,1
BRDA:47,0,1,1
BRDA:80,1,0,1
BRDA:80,1,1,8
BRDA:82,2,0,3
BRDA:82,2,1,5
BRDA:82,3,0,8
BRDA:82,3,1,4
BRF:8
BRH:8
end_of_record
